<?xml version="1.0" encoding="UTF-8"?>
<testsuite name="FlashcardsTest" tests="1" skipped="0" failures="0" errors="0" timestamp="2020-07-29T10:46:22" hostname="LAPTOP-JJMCNIVR" time="0.208">
  <properties/>
  <testcase name="start" classname="FlashcardsTest" time="0.208"/>
  <system-out><![CDATA[?[1;31m
Start test 1?[0m
Input the action (add, remove, import, export, ask, exit, log, hardest card, reset stats):
> export
File name:
> capitals.txt
0 cards have been saved.
Input the action (add, remove, import, export, ask, exit, log, hardest card, reset stats):
> exit
Bye bye!
?[1;31m
Start test 2?[0m
Input the action (add, remove, import, export, ask, exit, log, hardest card, reset stats):
> hardest card
There are no cards with errors.
Input the action (add, remove, import, export, ask, exit, log, hardest card, reset stats):
> add
The card:
> France
The definition:
> Paris
The pair ("France":"Paris") has been added.

Input the action (add, remove, import, export, ask, exit, log, hardest card, reset stats):
> ask
How many times to ask?
> 2
Print the definition of "France":

> France
Wrong answer. The correct one is "Paris".

Print the definition of "France":

> ??
Wrong answer. The correct one is "Paris".

Input the action (add, remove, import, export, ask, exit, log, hardest card, reset stats):
> hardest card
The hardest card is "France". You have 2 errors answering it.
Input the action (add, remove, import, export, ask, exit, log, hardest card, reset stats):
> reset stats
Card statistics has been reset.
Input the action (add, remove, import, export, ask, exit, log, hardest card, reset stats):
> hardest card
There are no cards with errors.
Input the action (add, remove, import, export, ask, exit, log, hardest card, reset stats):
> add
The card:
> Russia
The definition:
> Moscow
The pair ("Russia":"Moscow") has been added.

Input the action (add, remove, import, export, ask, exit, log, hardest card, reset stats):
> ask
How many times to ask?
> 2
Print the definition of "France":

> ??
Wrong answer. The correct one is "Paris".

Print the definition of "Russia":

> ??
Wrong answer. The correct one is "Moscow".

Input the action (add, remove, import, export, ask, exit, log, hardest card, reset stats):
> hardest card
The hardest cards are "France", "Russia". You have 1 errors answering them.
Input the action (add, remove, import, export, ask, exit, log, hardest card, reset stats):
> ask
How many times to ask?
> 2
Print the definition of "France":

> ??
Wrong answer. The correct one is "Paris".

Print the definition of "France":

> ??
Wrong answer. The correct one is "Paris".

Input the action (add, remove, import, export, ask, exit, log, hardest card, reset stats):
> hardest card
The hardest card is "France". You have 3 errors answering it.
Input the action (add, remove, import, export, ask, exit, log, hardest card, reset stats):
> ask
How many times to ask?
> 2
Print the definition of "Russia":

> ??
Wrong answer. The correct one is "Moscow".

Print the definition of "France":

> ??
Wrong answer. The correct one is "Paris".

Input the action (add, remove, import, export, ask, exit, log, hardest card, reset stats):
> hardest card
The hardest card is "France". You have 4 errors answering it.
Input the action (add, remove, import, export, ask, exit, log, hardest card, reset stats):
> ask
How many times to ask?
> 2
Print the definition of "Russia":

> ??
Wrong answer. The correct one is "Moscow".

Print the definition of "France":

> ??
Wrong answer. The correct one is "Paris".

Input the action (add, remove, import, export, ask, exit, log, hardest card, reset stats):
> hardest card
The hardest card is "France". You have 5 errors answering it.
Input the action (add, remove, import, export, ask, exit, log, hardest card, reset stats):
> ask
How many times to ask?
> 2
Print the definition of "France":

> ??
Wrong answer. The correct one is "Paris".

Print the definition of "Russia":

> ??
Wrong answer. The correct one is "Moscow".

Input the action (add, remove, import, export, ask, exit, log, hardest card, reset stats):
> hardest card
The hardest card is "France". You have 6 errors answering it.
Input the action (add, remove, import, export, ask, exit, log, hardest card, reset stats):
> export
File name:
> capitals.txt
2 cards have been saved.
Input the action (add, remove, import, export, ask, exit, log, hardest card, reset stats):
> log
File name:
> testLog.txt
The log has been saved.
Input the action (add, remove, import, export, ask, exit, log, hardest card, reset stats):
> exit
Bye bye!
?[1;31m
Start test 3?[0m
Input the action (add, remove, import, export, ask, exit, log, hardest card, reset stats):
> hardest card
There are no cards with errors.
Input the action (add, remove, import, export, ask, exit, log, hardest card, reset stats):
> add
The card:
> France
The definition:
> UpdateMeFromImport
The pair ("France":"UpdateMeFromImport") has been added.

Input the action (add, remove, import, export, ask, exit, log, hardest card, reset stats):
> ask
How many times to ask?
> 2
Print the definition of "France":

> ??
Wrong answer. The correct one is "UpdateMeFromImport".

Print the definition of "France":

> ??
Wrong answer. The correct one is "UpdateMeFromImport".

Input the action (add, remove, import, export, ask, exit, log, hardest card, reset stats):
> import
File name:
> capitals.txt
2 cards have been loaded.
Input the action (add, remove, import, export, ask, exit, log, hardest card, reset stats):
> hardest card
The hardest card is "France". You have 6 errors answering it.
Input the action (add, remove, import, export, ask, exit, log, hardest card, reset stats):
> remove
The card:
> France
The card has been removed.
Input the action (add, remove, import, export, ask, exit, log, hardest card, reset stats):
> remove
The card:
> Russia
The card has been removed.
Input the action (add, remove, import, export, ask, exit, log, hardest card, reset stats):
> hardest card
There are no cards with errors.
Input the action (add, remove, import, export, ask, exit, log, hardest card, reset stats):
> exit
Bye bye!
]]></system-out>
  <system-err><![CDATA[]]></system-err>
</testsuite>
