<?xml version="1.0" encoding="UTF-8"?>
<testsuite name="tests.WebQuizEngineTest" tests="1" skipped="0" failures="0" errors="0" timestamp="2020-07-21T12:43:24" hostname="LAPTOP-JJMCNIVR" time="8.876">
  <properties/>
  <testcase name="start" classname="tests.WebQuizEngineTest" time="8.876"/>
  <system-out><![CDATA[?[1;31m
Start test 1?[0m

  .   ____          _            __ _ _
 /\\ / ___'_ __ _ _(_)_ __  __ _ \ \ \ \
( ( )\___ | '_ | '_| | '_ \/ _` | \ \ \ \
 \\/  ___)| |_)| | | | | || (_| |  ) ) ) )
  '  |____| .__|_| |_|_| |_\__, | / / / /
 =========|_|==============|___/=/_/_/_/
 :: Spring Boot ::        (v2.2.2.RELEASE)

2020-07-21 14:43:24.831  INFO 11788 --- [    Test worker] engine.WebQuizEngine                     : Starting WebQuizEngine on LAPTOP-JJMCNIVR with PID 11788 (started by VladimirLovisek in C:\Users\VladimirLovisek\Documents\Education\GitHub\LearningProjects\WebQuizEngine\Web Quiz Engine\task)
2020-07-21 14:43:24.834  INFO 11788 --- [    Test worker] engine.WebQuizEngine                     : No active profile set, falling back to default profiles: default
2020-07-21 14:43:25.637  INFO 11788 --- [    Test worker] .s.d.r.c.RepositoryConfigurationDelegate : Bootstrapping Spring Data JPA repositories in DEFAULT mode.
2020-07-21 14:43:25.696  INFO 11788 --- [    Test worker] .s.d.r.c.RepositoryConfigurationDelegate : Finished Spring Data repository scanning in 50ms. Found 1 JPA repository interfaces.
2020-07-21 14:43:26.026  INFO 11788 --- [    Test worker] trationDelegate$BeanPostProcessorChecker : Bean 'org.springframework.transaction.annotation.ProxyTransactionManagementConfiguration' of type [org.springframework.transaction.annotation.ProxyTransactionManagementConfiguration] is not eligible for getting processed by all BeanPostProcessors (for example: not eligible for auto-proxying)
2020-07-21 14:43:26.259  INFO 11788 --- [    Test worker] o.s.b.w.embedded.tomcat.TomcatWebServer  : Tomcat initialized with port(s): 8889 (http)
2020-07-21 14:43:26.270  INFO 11788 --- [    Test worker] o.apache.catalina.core.StandardService   : Starting service [Tomcat]
2020-07-21 14:43:26.270  INFO 11788 --- [    Test worker] org.apache.catalina.core.StandardEngine  : Starting Servlet engine: [Apache Tomcat/9.0.29]
2020-07-21 14:43:26.413  INFO 11788 --- [    Test worker] o.a.c.c.C.[Tomcat].[localhost].[/]       : Initializing Spring embedded WebApplicationContext
2020-07-21 14:43:26.413  INFO 11788 --- [    Test worker] o.s.web.context.ContextLoader            : Root WebApplicationContext: initialization completed in 1538 ms
2020-07-21 14:43:26.531  INFO 11788 --- [    Test worker] com.zaxxer.hikari.HikariDataSource       : HikariPool-1 - Starting...
2020-07-21 14:43:26.717  INFO 11788 --- [    Test worker] com.zaxxer.hikari.HikariDataSource       : HikariPool-1 - Start completed.
2020-07-21 14:43:26.724  INFO 11788 --- [    Test worker] o.s.b.a.h2.H2ConsoleAutoConfiguration    : H2 console available at '/h2-console'. Database available at 'jdbc:h2:file:../quizdb'
2020-07-21 14:43:26.971  INFO 11788 --- [    Test worker] o.hibernate.jpa.internal.util.LogHelper  : HHH000204: Processing PersistenceUnitInfo [name: default]
2020-07-21 14:43:27.047  INFO 11788 --- [    Test worker] org.hibernate.Version                    : HHH000412: Hibernate Core {5.4.9.Final}
2020-07-21 14:43:27.208  INFO 11788 --- [    Test worker] o.hibernate.annotations.common.Version   : HCANN000001: Hibernate Commons Annotations {5.1.0.Final}
2020-07-21 14:43:27.340  INFO 11788 --- [    Test worker] org.hibernate.dialect.Dialect            : HHH000400: Using dialect: org.hibernate.dialect.H2Dialect
Hibernate: create table correct_option (id bigint not null, option_number integer, quizid bigint not null, primary key (id))
Hibernate: create table quiz (id bigint not null, question varchar(255), title varchar(255), primary key (id))
Hibernate: create table quiz_options (id bigint not null, option_text varchar(255), quizid bigint not null, primary key (id))
Hibernate: create sequence hibernate_sequence start with 1 increment by 1
Hibernate: alter table correct_option add constraint FKbttgg1akap9xsmh2syifilx9m foreign key (quizid) references quiz
Hibernate: alter table quiz_options add constraint FKs1i9m11b9wfbj1pmb7yih0y1o foreign key (quizid) references quiz
2020-07-21 14:43:28.109  INFO 11788 --- [    Test worker] o.h.e.t.j.p.i.JtaPlatformInitiator       : HHH000490: Using JtaPlatform implementation: [org.hibernate.engine.transaction.jta.platform.internal.NoJtaPlatform]
2020-07-21 14:43:28.116  INFO 11788 --- [    Test worker] j.LocalContainerEntityManagerFactoryBean : Initialized JPA EntityManagerFactory for persistence unit 'default'
2020-07-21 14:43:28.381  WARN 11788 --- [    Test worker] JpaBaseConfiguration$JpaWebConfiguration : spring.jpa.open-in-view is enabled by default. Therefore, database queries may be performed during view rendering. Explicitly configure spring.jpa.open-in-view to disable this warning
2020-07-21 14:43:28.494  INFO 11788 --- [    Test worker] o.s.s.concurrent.ThreadPoolTaskExecutor  : Initializing ExecutorService 'applicationTaskExecutor'
2020-07-21 14:43:28.749  INFO 11788 --- [    Test worker] o.s.b.a.e.web.EndpointLinksResolver      : Exposing 14 endpoint(s) beneath base path '/actuator'
2020-07-21 14:43:28.803  INFO 11788 --- [    Test worker] o.s.b.w.embedded.tomcat.TomcatWebServer  : Tomcat started on port(s): 8889 (http) with context path ''
2020-07-21 14:43:28.806  INFO 11788 --- [    Test worker] engine.WebQuizEngine                     : Started WebQuizEngine in 4.348 seconds (JVM running for 5.219)
2020-07-21 14:43:29.105  INFO 11788 --- [nio-8889-exec-1] o.a.c.c.C.[Tomcat].[localhost].[/]       : Initializing Spring DispatcherServlet 'dispatcherServlet'
2020-07-21 14:43:29.107  INFO 11788 --- [nio-8889-exec-1] o.s.web.servlet.DispatcherServlet        : Initializing Servlet 'dispatcherServlet'
2020-07-21 14:43:29.116  INFO 11788 --- [nio-8889-exec-1] o.s.web.servlet.DispatcherServlet        : Completed initialization in 9 ms
Hibernate: select quiz0_.id as id1_1_, quiz0_.question as question2_1_, quiz0_.title as title3_1_ from quiz quiz0_
?[1;31m
Start test 2?[0m
Hibernate: call next value for hibernate_sequence
Hibernate: call next value for hibernate_sequence
Hibernate: call next value for hibernate_sequence
Hibernate: call next value for hibernate_sequence
Hibernate: call next value for hibernate_sequence
Hibernate: call next value for hibernate_sequence
Hibernate: insert into quiz (question, title, id) values (?, ?, ?)
Hibernate: insert into correct_option (option_number, quizid, id) values (?, ?, ?)
Hibernate: insert into quiz_options (option_text, quizid, id) values (?, ?, ?)
Hibernate: insert into quiz_options (option_text, quizid, id) values (?, ?, ?)
Hibernate: insert into quiz_options (option_text, quizid, id) values (?, ?, ?)
Hibernate: insert into quiz_options (option_text, quizid, id) values (?, ?, ?)
Hibernate: update correct_option set quizid=? where id=?
Hibernate: update quiz_options set quizid=? where id=?
Hibernate: update quiz_options set quizid=? where id=?
Hibernate: update quiz_options set quizid=? where id=?
Hibernate: update quiz_options set quizid=? where id=?
?[1;31m
Start test 3?[0m
Hibernate: select quiz0_.id as id1_1_, quiz0_.question as question2_1_, quiz0_.title as title3_1_ from quiz quiz0_
Hibernate: select options0_.quizid as quizid3_2_0_, options0_.id as id1_2_0_, options0_.id as id1_2_1_, options0_.option_text as option_t2_2_1_ from quiz_options options0_ where options0_.quizid=?
?[1;31m
Start test 4?[0m
Hibernate: select quiz0_.id as id1_1_, quiz0_.question as question2_1_, quiz0_.title as title3_1_ from quiz quiz0_
?[1;31m
Start test 5?[0m
Hibernate: select quiz0_.id as id1_1_, quiz0_.question as question2_1_, quiz0_.title as title3_1_ from quiz quiz0_
Hibernate: select options0_.quizid as quizid3_2_0_, options0_.id as id1_2_0_, options0_.id as id1_2_1_, options0_.option_text as option_t2_2_1_ from quiz_options options0_ where options0_.quizid=?
?[1;31m
Start test 6?[0m
Hibernate: call next value for hibernate_sequence
Hibernate: call next value for hibernate_sequence
Hibernate: call next value for hibernate_sequence
Hibernate: call next value for hibernate_sequence
Hibernate: call next value for hibernate_sequence
Hibernate: call next value for hibernate_sequence
Hibernate: insert into quiz (question, title, id) values (?, ?, ?)
Hibernate: insert into correct_option (option_number, quizid, id) values (?, ?, ?)
Hibernate: insert into quiz_options (option_text, quizid, id) values (?, ?, ?)
Hibernate: insert into quiz_options (option_text, quizid, id) values (?, ?, ?)
Hibernate: insert into quiz_options (option_text, quizid, id) values (?, ?, ?)
Hibernate: insert into quiz_options (option_text, quizid, id) values (?, ?, ?)
Hibernate: update correct_option set quizid=? where id=?
Hibernate: update quiz_options set quizid=? where id=?
Hibernate: update quiz_options set quizid=? where id=?
Hibernate: update quiz_options set quizid=? where id=?
Hibernate: update quiz_options set quizid=? where id=?
?[1;31m
Start test 7?[0m
Hibernate: select quiz0_.id as id1_1_, quiz0_.question as question2_1_, quiz0_.title as title3_1_ from quiz quiz0_
Hibernate: select options0_.quizid as quizid3_2_0_, options0_.id as id1_2_0_, options0_.id as id1_2_1_, options0_.option_text as option_t2_2_1_ from quiz_options options0_ where options0_.quizid=?
?[1;31m
Start test 8?[0m
Hibernate: select quiz0_.id as id1_1_, quiz0_.question as question2_1_, quiz0_.title as title3_1_ from quiz quiz0_
?[1;31m
Start test 9?[0m
Hibernate: select quiz0_.id as id1_1_, quiz0_.question as question2_1_, quiz0_.title as title3_1_ from quiz quiz0_
Hibernate: select options0_.quizid as quizid3_2_0_, options0_.id as id1_2_0_, options0_.id as id1_2_1_, options0_.option_text as option_t2_2_1_ from quiz_options options0_ where options0_.quizid=?
Hibernate: select options0_.quizid as quizid3_2_0_, options0_.id as id1_2_0_, options0_.id as id1_2_1_, options0_.option_text as option_t2_2_1_ from quiz_options options0_ where options0_.quizid=?
?[1;31m
Start test 10?[0m
Hibernate: select quiz0_.id as id1_1_, quiz0_.question as question2_1_, quiz0_.title as title3_1_ from quiz quiz0_
Hibernate: select answer0_.quizid as quizid3_0_0_, answer0_.id as id1_0_0_, answer0_.id as id1_0_1_, answer0_.option_number as option_n2_0_1_ from correct_option answer0_ where answer0_.quizid=?
?[1;31m
Start test 11?[0m
Hibernate: select quiz0_.id as id1_1_, quiz0_.question as question2_1_, quiz0_.title as title3_1_ from quiz quiz0_
Hibernate: select answer0_.quizid as quizid3_0_0_, answer0_.id as id1_0_0_, answer0_.id as id1_0_1_, answer0_.option_number as option_n2_0_1_ from correct_option answer0_ where answer0_.quizid=?
?[1;31m
Start test 12?[0m
Hibernate: select quiz0_.id as id1_1_, quiz0_.question as question2_1_, quiz0_.title as title3_1_ from quiz quiz0_
Hibernate: select answer0_.quizid as quizid3_0_0_, answer0_.id as id1_0_0_, answer0_.id as id1_0_1_, answer0_.option_number as option_n2_0_1_ from correct_option answer0_ where answer0_.quizid=?
?[1;31m
Start test 13?[0m
Hibernate: select quiz0_.id as id1_1_, quiz0_.question as question2_1_, quiz0_.title as title3_1_ from quiz quiz0_
Hibernate: select answer0_.quizid as quizid3_0_0_, answer0_.id as id1_0_0_, answer0_.id as id1_0_1_, answer0_.option_number as option_n2_0_1_ from correct_option answer0_ where answer0_.quizid=?
?[1;31m
Start test 14?[0m
Hibernate: select quiz0_.id as id1_1_, quiz0_.question as question2_1_, quiz0_.title as title3_1_ from quiz quiz0_
Hibernate: select answer0_.quizid as quizid3_0_0_, answer0_.id as id1_0_0_, answer0_.id as id1_0_1_, answer0_.option_number as option_n2_0_1_ from correct_option answer0_ where answer0_.quizid=?
?[1;31m
Start test 15?[0m
Hibernate: select quiz0_.id as id1_1_, quiz0_.question as question2_1_, quiz0_.title as title3_1_ from quiz quiz0_
Hibernate: select answer0_.quizid as quizid3_0_0_, answer0_.id as id1_0_0_, answer0_.id as id1_0_1_, answer0_.option_number as option_n2_0_1_ from correct_option answer0_ where answer0_.quizid=?
?[1;31m
Start test 16?[0m
Hibernate: select quiz0_.id as id1_1_, quiz0_.question as question2_1_, quiz0_.title as title3_1_ from quiz quiz0_
Hibernate: select answer0_.quizid as quizid3_0_0_, answer0_.id as id1_0_0_, answer0_.id as id1_0_1_, answer0_.option_number as option_n2_0_1_ from correct_option answer0_ where answer0_.quizid=?
?[1;31m
Start test 17?[0m
Hibernate: select quiz0_.id as id1_1_, quiz0_.question as question2_1_, quiz0_.title as title3_1_ from quiz quiz0_
Hibernate: select answer0_.quizid as quizid3_0_0_, answer0_.id as id1_0_0_, answer0_.id as id1_0_1_, answer0_.option_number as option_n2_0_1_ from correct_option answer0_ where answer0_.quizid=?
?[1;31m
Start test 18?[0m
Hibernate: select quiz0_.id as id1_1_, quiz0_.question as question2_1_, quiz0_.title as title3_1_ from quiz quiz0_
Hibernate: select options0_.quizid as quizid3_2_0_, options0_.id as id1_2_0_, options0_.id as id1_2_1_, options0_.option_text as option_t2_2_1_ from quiz_options options0_ where options0_.quizid=?
Hibernate: select options0_.quizid as quizid3_2_0_, options0_.id as id1_2_0_, options0_.id as id1_2_1_, options0_.option_text as option_t2_2_1_ from quiz_options options0_ where options0_.quizid=?
?[1;31m
Start test 19?[0m
2020-07-21 14:43:30.180  INFO 11788 --- [       Thread-6] o.s.s.concurrent.ThreadPoolTaskExecutor  : Shutting down ExecutorService 'applicationTaskExecutor'
2020-07-21 14:43:30.181  INFO 11788 --- [       Thread-6] j.LocalContainerEntityManagerFactoryBean : Closing JPA EntityManagerFactory for persistence unit 'default'
2020-07-21 14:43:30.183  INFO 11788 --- [       Thread-6] com.zaxxer.hikari.HikariDataSource       : HikariPool-1 - Shutdown initiated...
2020-07-21 14:43:30.214  INFO 11788 --- [       Thread-6] com.zaxxer.hikari.HikariDataSource       : HikariPool-1 - Shutdown completed.

  .   ____          _            __ _ _
 /\\ / ___'_ __ _ _(_)_ __  __ _ \ \ \ \
( ( )\___ | '_ | '_| | '_ \/ _` | \ \ \ \
 \\/  ___)| |_)| | | | | || (_| |  ) ) ) )
  '  |____| .__|_| |_|_| |_\__, | / / / /
 =========|_|==============|___/=/_/_/_/
 :: Spring Boot ::        (v2.2.2.RELEASE)

2020-07-21 14:43:30.348  INFO 11788 --- [    Test worker] engine.WebQuizEngine                     : Starting WebQuizEngine on LAPTOP-JJMCNIVR with PID 11788 (started by VladimirLovisek in C:\Users\VladimirLovisek\Documents\Education\GitHub\LearningProjects\WebQuizEngine\Web Quiz Engine\task)
2020-07-21 14:43:30.349  INFO 11788 --- [    Test worker] engine.WebQuizEngine                     : No active profile set, falling back to default profiles: default
2020-07-21 14:43:30.372  INFO 11788 --- [       Thread-6] o.apache.catalina.core.StandardService   : Stopping service [Tomcat]
2020-07-21 14:43:30.381  INFO 11788 --- [       Thread-6] o.a.c.c.C.[Tomcat].[localhost].[/]       : Destroying Spring FrameworkServlet 'dispatcherServlet'
2020-07-21 14:43:30.586  INFO 11788 --- [    Test worker] .s.d.r.c.RepositoryConfigurationDelegate : Bootstrapping Spring Data JPA repositories in DEFAULT mode.
2020-07-21 14:43:30.595  INFO 11788 --- [    Test worker] .s.d.r.c.RepositoryConfigurationDelegate : Finished Spring Data repository scanning in 8ms. Found 1 JPA repository interfaces.
2020-07-21 14:43:30.639  INFO 11788 --- [    Test worker] trationDelegate$BeanPostProcessorChecker : Bean 'org.springframework.transaction.annotation.ProxyTransactionManagementConfiguration' of type [org.springframework.transaction.annotation.ProxyTransactionManagementConfiguration] is not eligible for getting processed by all BeanPostProcessors (for example: not eligible for auto-proxying)
2020-07-21 14:43:30.670  WARN 11788 --- [    Test worker] org.apache.tomcat.util.modeler.Registry  : The MBean registry cannot be disabled because it has already been initialised
2020-07-21 14:43:30.675  INFO 11788 --- [    Test worker] o.s.b.w.embedded.tomcat.TomcatWebServer  : Tomcat initialized with port(s): 8889 (http)
2020-07-21 14:43:30.675  INFO 11788 --- [    Test worker] o.apache.catalina.core.StandardService   : Starting service [Tomcat]
2020-07-21 14:43:30.675  INFO 11788 --- [    Test worker] org.apache.catalina.core.StandardEngine  : Starting Servlet engine: [Apache Tomcat/9.0.29]
2020-07-21 14:43:30.703  INFO 11788 --- [    Test worker] o.a.c.c.C.[Tomcat].[localhost].[/]       : Initializing Spring embedded WebApplicationContext
2020-07-21 14:43:30.704  INFO 11788 --- [    Test worker] o.s.web.context.ContextLoader            : Root WebApplicationContext: initialization completed in 352 ms
2020-07-21 14:43:30.739  INFO 11788 --- [    Test worker] com.zaxxer.hikari.HikariDataSource       : HikariPool-2 - Starting...
2020-07-21 14:43:30.750  INFO 11788 --- [    Test worker] com.zaxxer.hikari.HikariDataSource       : HikariPool-2 - Start completed.
2020-07-21 14:43:30.751  INFO 11788 --- [    Test worker] o.s.b.a.h2.H2ConsoleAutoConfiguration    : H2 console available at '/h2-console'. Database available at 'jdbc:h2:file:../quizdb'
2020-07-21 14:43:30.816  INFO 11788 --- [    Test worker] o.hibernate.jpa.internal.util.LogHelper  : HHH000204: Processing PersistenceUnitInfo [name: default]
2020-07-21 14:43:30.825  INFO 11788 --- [    Test worker] org.hibernate.dialect.Dialect            : HHH000400: Using dialect: org.hibernate.dialect.H2Dialect
2020-07-21 14:43:30.898  INFO 11788 --- [    Test worker] o.h.e.t.j.p.i.JtaPlatformInitiator       : HHH000490: Using JtaPlatform implementation: [org.hibernate.engine.transaction.jta.platform.internal.NoJtaPlatform]
2020-07-21 14:43:30.898  INFO 11788 --- [    Test worker] j.LocalContainerEntityManagerFactoryBean : Initialized JPA EntityManagerFactory for persistence unit 'default'
2020-07-21 14:43:30.954  WARN 11788 --- [    Test worker] JpaBaseConfiguration$JpaWebConfiguration : spring.jpa.open-in-view is enabled by default. Therefore, database queries may be performed during view rendering. Explicitly configure spring.jpa.open-in-view to disable this warning
2020-07-21 14:43:30.986  INFO 11788 --- [    Test worker] o.s.s.concurrent.ThreadPoolTaskExecutor  : Initializing ExecutorService 'applicationTaskExecutor'
2020-07-21 14:43:31.061  INFO 11788 --- [    Test worker] o.s.b.a.e.web.EndpointLinksResolver      : Exposing 14 endpoint(s) beneath base path '/actuator'
2020-07-21 14:43:31.081  INFO 11788 --- [    Test worker] o.s.b.w.embedded.tomcat.TomcatWebServer  : Tomcat started on port(s): 8889 (http) with context path ''
2020-07-21 14:43:31.081  INFO 11788 --- [    Test worker] engine.WebQuizEngine                     : Started WebQuizEngine in 0.761 seconds (JVM running for 7.494)
?[1;31m
Start test 20?[0m
2020-07-21 14:43:31.086  INFO 11788 --- [nio-8889-exec-1] o.a.c.c.C.[Tomcat].[localhost].[/]       : Initializing Spring DispatcherServlet 'dispatcherServlet'
2020-07-21 14:43:31.086  INFO 11788 --- [nio-8889-exec-1] o.s.web.servlet.DispatcherServlet        : Initializing Servlet 'dispatcherServlet'
2020-07-21 14:43:31.090  INFO 11788 --- [nio-8889-exec-1] o.s.web.servlet.DispatcherServlet        : Completed initialization in 4 ms
Hibernate: select quiz0_.id as id1_1_, quiz0_.question as question2_1_, quiz0_.title as title3_1_ from quiz quiz0_
Hibernate: select options0_.quizid as quizid3_2_0_, options0_.id as id1_2_0_, options0_.id as id1_2_1_, options0_.option_text as option_t2_2_1_ from quiz_options options0_ where options0_.quizid=?
Hibernate: select options0_.quizid as quizid3_2_0_, options0_.id as id1_2_0_, options0_.id as id1_2_1_, options0_.option_text as option_t2_2_1_ from quiz_options options0_ where options0_.quizid=?
?[1;31m
Start test 21?[0m
Hibernate: select quiz0_.id as id1_1_, quiz0_.question as question2_1_, quiz0_.title as title3_1_ from quiz quiz0_
Hibernate: select answer0_.quizid as quizid3_0_0_, answer0_.id as id1_0_0_, answer0_.id as id1_0_1_, answer0_.option_number as option_n2_0_1_ from correct_option answer0_ where answer0_.quizid=?
?[1;31m
Start test 22?[0m
Hibernate: select quiz0_.id as id1_1_, quiz0_.question as question2_1_, quiz0_.title as title3_1_ from quiz quiz0_
Hibernate: select answer0_.quizid as quizid3_0_0_, answer0_.id as id1_0_0_, answer0_.id as id1_0_1_, answer0_.option_number as option_n2_0_1_ from correct_option answer0_ where answer0_.quizid=?
?[1;31m
Start test 23?[0m
Hibernate: select quiz0_.id as id1_1_, quiz0_.question as question2_1_, quiz0_.title as title3_1_ from quiz quiz0_
Hibernate: select answer0_.quizid as quizid3_0_0_, answer0_.id as id1_0_0_, answer0_.id as id1_0_1_, answer0_.option_number as option_n2_0_1_ from correct_option answer0_ where answer0_.quizid=?
?[1;31m
Start test 24?[0m
Hibernate: select quiz0_.id as id1_1_, quiz0_.question as question2_1_, quiz0_.title as title3_1_ from quiz quiz0_
Hibernate: select answer0_.quizid as quizid3_0_0_, answer0_.id as id1_0_0_, answer0_.id as id1_0_1_, answer0_.option_number as option_n2_0_1_ from correct_option answer0_ where answer0_.quizid=?
?[1;31m
Start test 25?[0m
2020-07-21 14:43:31.139  WARN 11788 --- [nio-8889-exec-6] .w.s.m.s.DefaultHandlerExceptionResolver : Resolved [org.springframework.http.converter.HttpMessageNotReadableException: JSON parse error: Unexpected character ('"' (code 34)): was expecting comma to separate Object entries; nested exception is com.fasterxml.jackson.core.JsonParseException: Unexpected character ('"' (code 34)): was expecting comma to separate Object entries
 at [Source: (PushbackInputStream); line: 4, column: 4]]
?[1;31m
Start test 26?[0m
2020-07-21 14:43:31.149  WARN 11788 --- [nio-8889-exec-7] .w.s.m.s.DefaultHandlerExceptionResolver : Resolved [org.springframework.http.converter.HttpMessageNotReadableException: JSON parse error: Unexpected character ('"' (code 34)): was expecting comma to separate Object entries; nested exception is com.fasterxml.jackson.core.JsonParseException: Unexpected character ('"' (code 34)): was expecting comma to separate Object entries
 at [Source: (PushbackInputStream); line: 5, column: 4]]
?[1;31m
Start test 27?[0m
2020-07-21 14:43:31.155  WARN 11788 --- [nio-8889-exec-8] .w.s.m.s.DefaultHandlerExceptionResolver : Resolved [org.springframework.http.converter.HttpMessageNotReadableException: JSON parse error: Unexpected character ('"' (code 34)): was expecting comma to separate Object entries; nested exception is com.fasterxml.jackson.core.JsonParseException: Unexpected character ('"' (code 34)): was expecting comma to separate Object entries
 at [Source: (PushbackInputStream); line: 4, column: 4]]
?[1;31m
Start test 28?[0m
2020-07-21 14:43:31.162  WARN 11788 --- [nio-8889-exec-9] .w.s.m.s.DefaultHandlerExceptionResolver : Resolved [org.springframework.http.converter.HttpMessageNotReadableException: JSON parse error: Unexpected character ('"' (code 34)): was expecting comma to separate Object entries; nested exception is com.fasterxml.jackson.core.JsonParseException: Unexpected character ('"' (code 34)): was expecting comma to separate Object entries
 at [Source: (PushbackInputStream); line: 5, column: 4]]
?[1;31m
Start test 29?[0m
2020-07-21 14:43:31.209  WARN 11788 --- [io-8889-exec-10] .w.s.m.s.DefaultHandlerExceptionResolver : Resolved [org.springframework.web.bind.MethodArgumentNotValidException: Validation failed for argument [0] in public engine.Quiz engine.QuizzesController.addQuiz(engine.Quiz): [Field error in object 'quiz' on field 'options': rejected value [[]]; codes [Size.quiz.options,Size.options,Size.java.util.ArrayList,Size]; arguments [org.springframework.context.support.DefaultMessageSourceResolvable: codes [quiz.options,options]; arguments []; default message [options],2147483647,2]; default message [size must be between 2 and 2147483647]] ]
?[1;31m
Start test 30?[0m
2020-07-21 14:43:31.227  WARN 11788 --- [nio-8889-exec-1] .w.s.m.s.DefaultHandlerExceptionResolver : Resolved [org.springframework.http.converter.HttpMessageNotReadableException: JSON parse error: Unexpected character ('"' (code 34)): was expecting comma to separate Object entries; nested exception is com.fasterxml.jackson.core.JsonParseException: Unexpected character ('"' (code 34)): was expecting comma to separate Object entries
 at [Source: (PushbackInputStream); line: 5, column: 4]]
?[1;31m
Start test 31?[0m
2020-07-21 14:43:31.234  WARN 11788 --- [nio-8889-exec-2] .w.s.m.s.DefaultHandlerExceptionResolver : Resolved [org.springframework.http.converter.HttpMessageNotReadableException: JSON parse error: Unexpected character ('"' (code 34)): was expecting comma to separate Object entries; nested exception is com.fasterxml.jackson.core.JsonParseException: Unexpected character ('"' (code 34)): was expecting comma to separate Object entries
 at [Source: (PushbackInputStream); line: 5, column: 4]]
?[1;31m
Start test 32?[0m
Hibernate: call next value for hibernate_sequence
Hibernate: call next value for hibernate_sequence
Hibernate: call next value for hibernate_sequence
Hibernate: call next value for hibernate_sequence
Hibernate: call next value for hibernate_sequence
Hibernate: call next value for hibernate_sequence
Hibernate: call next value for hibernate_sequence
Hibernate: insert into quiz (question, title, id) values (?, ?, ?)
Hibernate: insert into correct_option (option_number, quizid, id) values (?, ?, ?)
Hibernate: insert into correct_option (option_number, quizid, id) values (?, ?, ?)
Hibernate: insert into quiz_options (option_text, quizid, id) values (?, ?, ?)
Hibernate: insert into quiz_options (option_text, quizid, id) values (?, ?, ?)
Hibernate: insert into quiz_options (option_text, quizid, id) values (?, ?, ?)
Hibernate: insert into quiz_options (option_text, quizid, id) values (?, ?, ?)
Hibernate: update correct_option set quizid=? where id=?
Hibernate: update correct_option set quizid=? where id=?
Hibernate: update quiz_options set quizid=? where id=?
Hibernate: update quiz_options set quizid=? where id=?
Hibernate: update quiz_options set quizid=? where id=?
Hibernate: update quiz_options set quizid=? where id=?
?[1;31m
Start test 33?[0m
Hibernate: select quiz0_.id as id1_1_, quiz0_.question as question2_1_, quiz0_.title as title3_1_ from quiz quiz0_
Hibernate: select options0_.quizid as quizid3_2_0_, options0_.id as id1_2_0_, options0_.id as id1_2_1_, options0_.option_text as option_t2_2_1_ from quiz_options options0_ where options0_.quizid=?
?[1;31m
Start test 34?[0m
Hibernate: select quiz0_.id as id1_1_, quiz0_.question as question2_1_, quiz0_.title as title3_1_ from quiz quiz0_
?[1;31m
Start test 35?[0m
Hibernate: select quiz0_.id as id1_1_, quiz0_.question as question2_1_, quiz0_.title as title3_1_ from quiz quiz0_
Hibernate: select answer0_.quizid as quizid3_0_0_, answer0_.id as id1_0_0_, answer0_.id as id1_0_1_, answer0_.option_number as option_n2_0_1_ from correct_option answer0_ where answer0_.quizid=?
?[1;31m
Start test 36?[0m
Hibernate: select quiz0_.id as id1_1_, quiz0_.question as question2_1_, quiz0_.title as title3_1_ from quiz quiz0_
Hibernate: select answer0_.quizid as quizid3_0_0_, answer0_.id as id1_0_0_, answer0_.id as id1_0_1_, answer0_.option_number as option_n2_0_1_ from correct_option answer0_ where answer0_.quizid=?
?[1;31m
Start test 37?[0m
Hibernate: select quiz0_.id as id1_1_, quiz0_.question as question2_1_, quiz0_.title as title3_1_ from quiz quiz0_
Hibernate: select answer0_.quizid as quizid3_0_0_, answer0_.id as id1_0_0_, answer0_.id as id1_0_1_, answer0_.option_number as option_n2_0_1_ from correct_option answer0_ where answer0_.quizid=?
?[1;31m
Start test 38?[0m
Hibernate: select quiz0_.id as id1_1_, quiz0_.question as question2_1_, quiz0_.title as title3_1_ from quiz quiz0_
Hibernate: select answer0_.quizid as quizid3_0_0_, answer0_.id as id1_0_0_, answer0_.id as id1_0_1_, answer0_.option_number as option_n2_0_1_ from correct_option answer0_ where answer0_.quizid=?
?[1;31m
Start test 39?[0m
Hibernate: select quiz0_.id as id1_1_, quiz0_.question as question2_1_, quiz0_.title as title3_1_ from quiz quiz0_
Hibernate: select answer0_.quizid as quizid3_0_0_, answer0_.id as id1_0_0_, answer0_.id as id1_0_1_, answer0_.option_number as option_n2_0_1_ from correct_option answer0_ where answer0_.quizid=?
?[1;31m
Start test 40?[0m
Hibernate: select quiz0_.id as id1_1_, quiz0_.question as question2_1_, quiz0_.title as title3_1_ from quiz quiz0_
Hibernate: select answer0_.quizid as quizid3_0_0_, answer0_.id as id1_0_0_, answer0_.id as id1_0_1_, answer0_.option_number as option_n2_0_1_ from correct_option answer0_ where answer0_.quizid=?
?[1;31m
Start test 41?[0m
Hibernate: select quiz0_.id as id1_1_, quiz0_.question as question2_1_, quiz0_.title as title3_1_ from quiz quiz0_
Hibernate: select answer0_.quizid as quizid3_0_0_, answer0_.id as id1_0_0_, answer0_.id as id1_0_1_, answer0_.option_number as option_n2_0_1_ from correct_option answer0_ where answer0_.quizid=?
?[1;31m
Start test 42?[0m
Hibernate: select quiz0_.id as id1_1_, quiz0_.question as question2_1_, quiz0_.title as title3_1_ from quiz quiz0_
Hibernate: select answer0_.quizid as quizid3_0_0_, answer0_.id as id1_0_0_, answer0_.id as id1_0_1_, answer0_.option_number as option_n2_0_1_ from correct_option answer0_ where answer0_.quizid=?
?[1;31m
Start test 43?[0m
Hibernate: select quiz0_.id as id1_1_, quiz0_.question as question2_1_, quiz0_.title as title3_1_ from quiz quiz0_
Hibernate: select answer0_.quizid as quizid3_0_0_, answer0_.id as id1_0_0_, answer0_.id as id1_0_1_, answer0_.option_number as option_n2_0_1_ from correct_option answer0_ where answer0_.quizid=?
?[1;31m
Start test 44?[0m
Hibernate: select quiz0_.id as id1_1_, quiz0_.question as question2_1_, quiz0_.title as title3_1_ from quiz quiz0_
Hibernate: select answer0_.quizid as quizid3_0_0_, answer0_.id as id1_0_0_, answer0_.id as id1_0_1_, answer0_.option_number as option_n2_0_1_ from correct_option answer0_ where answer0_.quizid=?
?[1;31m
Start test 45?[0m
Hibernate: select quiz0_.id as id1_1_, quiz0_.question as question2_1_, quiz0_.title as title3_1_ from quiz quiz0_
Hibernate: select answer0_.quizid as quizid3_0_0_, answer0_.id as id1_0_0_, answer0_.id as id1_0_1_, answer0_.option_number as option_n2_0_1_ from correct_option answer0_ where answer0_.quizid=?
?[1;31m
Start test 46?[0m
Hibernate: select quiz0_.id as id1_1_, quiz0_.question as question2_1_, quiz0_.title as title3_1_ from quiz quiz0_
Hibernate: select answer0_.quizid as quizid3_0_0_, answer0_.id as id1_0_0_, answer0_.id as id1_0_1_, answer0_.option_number as option_n2_0_1_ from correct_option answer0_ where answer0_.quizid=?
?[1;31m
Start test 47?[0m
Hibernate: select quiz0_.id as id1_1_, quiz0_.question as question2_1_, quiz0_.title as title3_1_ from quiz quiz0_
Hibernate: select answer0_.quizid as quizid3_0_0_, answer0_.id as id1_0_0_, answer0_.id as id1_0_1_, answer0_.option_number as option_n2_0_1_ from correct_option answer0_ where answer0_.quizid=?
?[1;31m
Start test 48?[0m
Hibernate: select quiz0_.id as id1_1_, quiz0_.question as question2_1_, quiz0_.title as title3_1_ from quiz quiz0_
Hibernate: select answer0_.quizid as quizid3_0_0_, answer0_.id as id1_0_0_, answer0_.id as id1_0_1_, answer0_.option_number as option_n2_0_1_ from correct_option answer0_ where answer0_.quizid=?
?[1;31m
Start test 49?[0m
Hibernate: select quiz0_.id as id1_1_, quiz0_.question as question2_1_, quiz0_.title as title3_1_ from quiz quiz0_
Hibernate: select answer0_.quizid as quizid3_0_0_, answer0_.id as id1_0_0_, answer0_.id as id1_0_1_, answer0_.option_number as option_n2_0_1_ from correct_option answer0_ where answer0_.quizid=?
?[1;31m
Start test 50?[0m
Hibernate: call next value for hibernate_sequence
Hibernate: call next value for hibernate_sequence
Hibernate: call next value for hibernate_sequence
Hibernate: call next value for hibernate_sequence
Hibernate: call next value for hibernate_sequence
Hibernate: call next value for hibernate_sequence
Hibernate: call next value for hibernate_sequence
Hibernate: insert into quiz (question, title, id) values (?, ?, ?)
Hibernate: insert into correct_option (option_number, quizid, id) values (?, ?, ?)
Hibernate: insert into correct_option (option_number, quizid, id) values (?, ?, ?)
Hibernate: insert into quiz_options (option_text, quizid, id) values (?, ?, ?)
Hibernate: insert into quiz_options (option_text, quizid, id) values (?, ?, ?)
Hibernate: insert into quiz_options (option_text, quizid, id) values (?, ?, ?)
Hibernate: insert into quiz_options (option_text, quizid, id) values (?, ?, ?)
Hibernate: update correct_option set quizid=? where id=?
Hibernate: update correct_option set quizid=? where id=?
Hibernate: update quiz_options set quizid=? where id=?
Hibernate: update quiz_options set quizid=? where id=?
Hibernate: update quiz_options set quizid=? where id=?
Hibernate: update quiz_options set quizid=? where id=?
?[1;31m
Start test 51?[0m
Hibernate: select quiz0_.id as id1_1_, quiz0_.question as question2_1_, quiz0_.title as title3_1_ from quiz quiz0_
Hibernate: select options0_.quizid as quizid3_2_0_, options0_.id as id1_2_0_, options0_.id as id1_2_1_, options0_.option_text as option_t2_2_1_ from quiz_options options0_ where options0_.quizid=?
?[1;31m
Start test 52?[0m
Hibernate: select quiz0_.id as id1_1_, quiz0_.question as question2_1_, quiz0_.title as title3_1_ from quiz quiz0_
?[1;31m
Start test 53?[0m
Hibernate: select quiz0_.id as id1_1_, quiz0_.question as question2_1_, quiz0_.title as title3_1_ from quiz quiz0_
Hibernate: select answer0_.quizid as quizid3_0_0_, answer0_.id as id1_0_0_, answer0_.id as id1_0_1_, answer0_.option_number as option_n2_0_1_ from correct_option answer0_ where answer0_.quizid=?
?[1;31m
Start test 54?[0m
Hibernate: select quiz0_.id as id1_1_, quiz0_.question as question2_1_, quiz0_.title as title3_1_ from quiz quiz0_
Hibernate: select answer0_.quizid as quizid3_0_0_, answer0_.id as id1_0_0_, answer0_.id as id1_0_1_, answer0_.option_number as option_n2_0_1_ from correct_option answer0_ where answer0_.quizid=?
?[1;31m
Start test 55?[0m
Hibernate: select quiz0_.id as id1_1_, quiz0_.question as question2_1_, quiz0_.title as title3_1_ from quiz quiz0_
Hibernate: select answer0_.quizid as quizid3_0_0_, answer0_.id as id1_0_0_, answer0_.id as id1_0_1_, answer0_.option_number as option_n2_0_1_ from correct_option answer0_ where answer0_.quizid=?
?[1;31m
Start test 56?[0m
Hibernate: select quiz0_.id as id1_1_, quiz0_.question as question2_1_, quiz0_.title as title3_1_ from quiz quiz0_
Hibernate: select answer0_.quizid as quizid3_0_0_, answer0_.id as id1_0_0_, answer0_.id as id1_0_1_, answer0_.option_number as option_n2_0_1_ from correct_option answer0_ where answer0_.quizid=?
?[1;31m
Start test 57?[0m
Hibernate: select quiz0_.id as id1_1_, quiz0_.question as question2_1_, quiz0_.title as title3_1_ from quiz quiz0_
Hibernate: select answer0_.quizid as quizid3_0_0_, answer0_.id as id1_0_0_, answer0_.id as id1_0_1_, answer0_.option_number as option_n2_0_1_ from correct_option answer0_ where answer0_.quizid=?
?[1;31m
Start test 58?[0m
Hibernate: select quiz0_.id as id1_1_, quiz0_.question as question2_1_, quiz0_.title as title3_1_ from quiz quiz0_
Hibernate: select answer0_.quizid as quizid3_0_0_, answer0_.id as id1_0_0_, answer0_.id as id1_0_1_, answer0_.option_number as option_n2_0_1_ from correct_option answer0_ where answer0_.quizid=?
?[1;31m
Start test 59?[0m
Hibernate: select quiz0_.id as id1_1_, quiz0_.question as question2_1_, quiz0_.title as title3_1_ from quiz quiz0_
Hibernate: select answer0_.quizid as quizid3_0_0_, answer0_.id as id1_0_0_, answer0_.id as id1_0_1_, answer0_.option_number as option_n2_0_1_ from correct_option answer0_ where answer0_.quizid=?
?[1;31m
Start test 60?[0m
Hibernate: select quiz0_.id as id1_1_, quiz0_.question as question2_1_, quiz0_.title as title3_1_ from quiz quiz0_
Hibernate: select answer0_.quizid as quizid3_0_0_, answer0_.id as id1_0_0_, answer0_.id as id1_0_1_, answer0_.option_number as option_n2_0_1_ from correct_option answer0_ where answer0_.quizid=?
?[1;31m
Start test 61?[0m
Hibernate: select quiz0_.id as id1_1_, quiz0_.question as question2_1_, quiz0_.title as title3_1_ from quiz quiz0_
Hibernate: select answer0_.quizid as quizid3_0_0_, answer0_.id as id1_0_0_, answer0_.id as id1_0_1_, answer0_.option_number as option_n2_0_1_ from correct_option answer0_ where answer0_.quizid=?
?[1;31m
Start test 62?[0m
Hibernate: select quiz0_.id as id1_1_, quiz0_.question as question2_1_, quiz0_.title as title3_1_ from quiz quiz0_
Hibernate: select answer0_.quizid as quizid3_0_0_, answer0_.id as id1_0_0_, answer0_.id as id1_0_1_, answer0_.option_number as option_n2_0_1_ from correct_option answer0_ where answer0_.quizid=?
?[1;31m
Start test 63?[0m
Hibernate: select quiz0_.id as id1_1_, quiz0_.question as question2_1_, quiz0_.title as title3_1_ from quiz quiz0_
Hibernate: select answer0_.quizid as quizid3_0_0_, answer0_.id as id1_0_0_, answer0_.id as id1_0_1_, answer0_.option_number as option_n2_0_1_ from correct_option answer0_ where answer0_.quizid=?
?[1;31m
Start test 64?[0m
Hibernate: select quiz0_.id as id1_1_, quiz0_.question as question2_1_, quiz0_.title as title3_1_ from quiz quiz0_
Hibernate: select answer0_.quizid as quizid3_0_0_, answer0_.id as id1_0_0_, answer0_.id as id1_0_1_, answer0_.option_number as option_n2_0_1_ from correct_option answer0_ where answer0_.quizid=?
?[1;31m
Start test 65?[0m
Hibernate: select quiz0_.id as id1_1_, quiz0_.question as question2_1_, quiz0_.title as title3_1_ from quiz quiz0_
Hibernate: select answer0_.quizid as quizid3_0_0_, answer0_.id as id1_0_0_, answer0_.id as id1_0_1_, answer0_.option_number as option_n2_0_1_ from correct_option answer0_ where answer0_.quizid=?
?[1;31m
Start test 66?[0m
Hibernate: select quiz0_.id as id1_1_, quiz0_.question as question2_1_, quiz0_.title as title3_1_ from quiz quiz0_
Hibernate: select answer0_.quizid as quizid3_0_0_, answer0_.id as id1_0_0_, answer0_.id as id1_0_1_, answer0_.option_number as option_n2_0_1_ from correct_option answer0_ where answer0_.quizid=?
?[1;31m
Start test 67?[0m
Hibernate: select quiz0_.id as id1_1_, quiz0_.question as question2_1_, quiz0_.title as title3_1_ from quiz quiz0_
Hibernate: select answer0_.quizid as quizid3_0_0_, answer0_.id as id1_0_0_, answer0_.id as id1_0_1_, answer0_.option_number as option_n2_0_1_ from correct_option answer0_ where answer0_.quizid=?
?[1;31m
Start test 68?[0m
Hibernate: call next value for hibernate_sequence
Hibernate: call next value for hibernate_sequence
Hibernate: call next value for hibernate_sequence
Hibernate: call next value for hibernate_sequence
Hibernate: call next value for hibernate_sequence
Hibernate: insert into quiz (question, title, id) values (?, ?, ?)
Hibernate: insert into quiz_options (option_text, quizid, id) values (?, ?, ?)
Hibernate: insert into quiz_options (option_text, quizid, id) values (?, ?, ?)
Hibernate: insert into quiz_options (option_text, quizid, id) values (?, ?, ?)
Hibernate: insert into quiz_options (option_text, quizid, id) values (?, ?, ?)
Hibernate: update quiz_options set quizid=? where id=?
Hibernate: update quiz_options set quizid=? where id=?
Hibernate: update quiz_options set quizid=? where id=?
Hibernate: update quiz_options set quizid=? where id=?
?[1;31m
Start test 69?[0m
Hibernate: select quiz0_.id as id1_1_, quiz0_.question as question2_1_, quiz0_.title as title3_1_ from quiz quiz0_
Hibernate: select options0_.quizid as quizid3_2_0_, options0_.id as id1_2_0_, options0_.id as id1_2_1_, options0_.option_text as option_t2_2_1_ from quiz_options options0_ where options0_.quizid=?
?[1;31m
Start test 70?[0m
Hibernate: select quiz0_.id as id1_1_, quiz0_.question as question2_1_, quiz0_.title as title3_1_ from quiz quiz0_
?[1;31m
Start test 71?[0m
Hibernate: select quiz0_.id as id1_1_, quiz0_.question as question2_1_, quiz0_.title as title3_1_ from quiz quiz0_
Hibernate: select answer0_.quizid as quizid3_0_0_, answer0_.id as id1_0_0_, answer0_.id as id1_0_1_, answer0_.option_number as option_n2_0_1_ from correct_option answer0_ where answer0_.quizid=?
?[1;31m
Start test 72?[0m
Hibernate: select quiz0_.id as id1_1_, quiz0_.question as question2_1_, quiz0_.title as title3_1_ from quiz quiz0_
Hibernate: select answer0_.quizid as quizid3_0_0_, answer0_.id as id1_0_0_, answer0_.id as id1_0_1_, answer0_.option_number as option_n2_0_1_ from correct_option answer0_ where answer0_.quizid=?
?[1;31m
Start test 73?[0m
Hibernate: select quiz0_.id as id1_1_, quiz0_.question as question2_1_, quiz0_.title as title3_1_ from quiz quiz0_
Hibernate: select answer0_.quizid as quizid3_0_0_, answer0_.id as id1_0_0_, answer0_.id as id1_0_1_, answer0_.option_number as option_n2_0_1_ from correct_option answer0_ where answer0_.quizid=?
?[1;31m
Start test 74?[0m
Hibernate: select quiz0_.id as id1_1_, quiz0_.question as question2_1_, quiz0_.title as title3_1_ from quiz quiz0_
Hibernate: select answer0_.quizid as quizid3_0_0_, answer0_.id as id1_0_0_, answer0_.id as id1_0_1_, answer0_.option_number as option_n2_0_1_ from correct_option answer0_ where answer0_.quizid=?
?[1;31m
Start test 75?[0m
Hibernate: select quiz0_.id as id1_1_, quiz0_.question as question2_1_, quiz0_.title as title3_1_ from quiz quiz0_
Hibernate: select answer0_.quizid as quizid3_0_0_, answer0_.id as id1_0_0_, answer0_.id as id1_0_1_, answer0_.option_number as option_n2_0_1_ from correct_option answer0_ where answer0_.quizid=?
?[1;31m
Start test 76?[0m
Hibernate: select quiz0_.id as id1_1_, quiz0_.question as question2_1_, quiz0_.title as title3_1_ from quiz quiz0_
Hibernate: select answer0_.quizid as quizid3_0_0_, answer0_.id as id1_0_0_, answer0_.id as id1_0_1_, answer0_.option_number as option_n2_0_1_ from correct_option answer0_ where answer0_.quizid=?
?[1;31m
Start test 77?[0m
Hibernate: select quiz0_.id as id1_1_, quiz0_.question as question2_1_, quiz0_.title as title3_1_ from quiz quiz0_
Hibernate: select answer0_.quizid as quizid3_0_0_, answer0_.id as id1_0_0_, answer0_.id as id1_0_1_, answer0_.option_number as option_n2_0_1_ from correct_option answer0_ where answer0_.quizid=?
?[1;31m
Start test 78?[0m
Hibernate: select quiz0_.id as id1_1_, quiz0_.question as question2_1_, quiz0_.title as title3_1_ from quiz quiz0_
Hibernate: select answer0_.quizid as quizid3_0_0_, answer0_.id as id1_0_0_, answer0_.id as id1_0_1_, answer0_.option_number as option_n2_0_1_ from correct_option answer0_ where answer0_.quizid=?
?[1;31m
Start test 79?[0m
Hibernate: select quiz0_.id as id1_1_, quiz0_.question as question2_1_, quiz0_.title as title3_1_ from quiz quiz0_
Hibernate: select answer0_.quizid as quizid3_0_0_, answer0_.id as id1_0_0_, answer0_.id as id1_0_1_, answer0_.option_number as option_n2_0_1_ from correct_option answer0_ where answer0_.quizid=?
?[1;31m
Start test 80?[0m
Hibernate: select quiz0_.id as id1_1_, quiz0_.question as question2_1_, quiz0_.title as title3_1_ from quiz quiz0_
Hibernate: select answer0_.quizid as quizid3_0_0_, answer0_.id as id1_0_0_, answer0_.id as id1_0_1_, answer0_.option_number as option_n2_0_1_ from correct_option answer0_ where answer0_.quizid=?
?[1;31m
Start test 81?[0m
Hibernate: select quiz0_.id as id1_1_, quiz0_.question as question2_1_, quiz0_.title as title3_1_ from quiz quiz0_
Hibernate: select answer0_.quizid as quizid3_0_0_, answer0_.id as id1_0_0_, answer0_.id as id1_0_1_, answer0_.option_number as option_n2_0_1_ from correct_option answer0_ where answer0_.quizid=?
?[1;31m
Start test 82?[0m
Hibernate: select quiz0_.id as id1_1_, quiz0_.question as question2_1_, quiz0_.title as title3_1_ from quiz quiz0_
Hibernate: select answer0_.quizid as quizid3_0_0_, answer0_.id as id1_0_0_, answer0_.id as id1_0_1_, answer0_.option_number as option_n2_0_1_ from correct_option answer0_ where answer0_.quizid=?
?[1;31m
Start test 83?[0m
Hibernate: select quiz0_.id as id1_1_, quiz0_.question as question2_1_, quiz0_.title as title3_1_ from quiz quiz0_
Hibernate: select answer0_.quizid as quizid3_0_0_, answer0_.id as id1_0_0_, answer0_.id as id1_0_1_, answer0_.option_number as option_n2_0_1_ from correct_option answer0_ where answer0_.quizid=?
?[1;31m
Start test 84?[0m
Hibernate: select quiz0_.id as id1_1_, quiz0_.question as question2_1_, quiz0_.title as title3_1_ from quiz quiz0_
Hibernate: select answer0_.quizid as quizid3_0_0_, answer0_.id as id1_0_0_, answer0_.id as id1_0_1_, answer0_.option_number as option_n2_0_1_ from correct_option answer0_ where answer0_.quizid=?
?[1;31m
Start test 85?[0m
Hibernate: select quiz0_.id as id1_1_, quiz0_.question as question2_1_, quiz0_.title as title3_1_ from quiz quiz0_
Hibernate: select answer0_.quizid as quizid3_0_0_, answer0_.id as id1_0_0_, answer0_.id as id1_0_1_, answer0_.option_number as option_n2_0_1_ from correct_option answer0_ where answer0_.quizid=?
?[1;31m
Start test 86?[0m
Hibernate: call next value for hibernate_sequence
Hibernate: call next value for hibernate_sequence
Hibernate: call next value for hibernate_sequence
Hibernate: call next value for hibernate_sequence
Hibernate: call next value for hibernate_sequence
Hibernate: insert into quiz (question, title, id) values (?, ?, ?)
Hibernate: insert into quiz_options (option_text, quizid, id) values (?, ?, ?)
Hibernate: insert into quiz_options (option_text, quizid, id) values (?, ?, ?)
Hibernate: insert into quiz_options (option_text, quizid, id) values (?, ?, ?)
Hibernate: insert into quiz_options (option_text, quizid, id) values (?, ?, ?)
Hibernate: update quiz_options set quizid=? where id=?
Hibernate: update quiz_options set quizid=? where id=?
Hibernate: update quiz_options set quizid=? where id=?
Hibernate: update quiz_options set quizid=? where id=?
?[1;31m
Start test 87?[0m
Hibernate: select quiz0_.id as id1_1_, quiz0_.question as question2_1_, quiz0_.title as title3_1_ from quiz quiz0_
Hibernate: select options0_.quizid as quizid3_2_0_, options0_.id as id1_2_0_, options0_.id as id1_2_1_, options0_.option_text as option_t2_2_1_ from quiz_options options0_ where options0_.quizid=?
?[1;31m
Start test 88?[0m
Hibernate: select quiz0_.id as id1_1_, quiz0_.question as question2_1_, quiz0_.title as title3_1_ from quiz quiz0_
?[1;31m
Start test 89?[0m
Hibernate: select quiz0_.id as id1_1_, quiz0_.question as question2_1_, quiz0_.title as title3_1_ from quiz quiz0_
Hibernate: select answer0_.quizid as quizid3_0_0_, answer0_.id as id1_0_0_, answer0_.id as id1_0_1_, answer0_.option_number as option_n2_0_1_ from correct_option answer0_ where answer0_.quizid=?
?[1;31m
Start test 90?[0m
Hibernate: select quiz0_.id as id1_1_, quiz0_.question as question2_1_, quiz0_.title as title3_1_ from quiz quiz0_
Hibernate: select answer0_.quizid as quizid3_0_0_, answer0_.id as id1_0_0_, answer0_.id as id1_0_1_, answer0_.option_number as option_n2_0_1_ from correct_option answer0_ where answer0_.quizid=?
?[1;31m
Start test 91?[0m
Hibernate: select quiz0_.id as id1_1_, quiz0_.question as question2_1_, quiz0_.title as title3_1_ from quiz quiz0_
Hibernate: select answer0_.quizid as quizid3_0_0_, answer0_.id as id1_0_0_, answer0_.id as id1_0_1_, answer0_.option_number as option_n2_0_1_ from correct_option answer0_ where answer0_.quizid=?
?[1;31m
Start test 92?[0m
Hibernate: select quiz0_.id as id1_1_, quiz0_.question as question2_1_, quiz0_.title as title3_1_ from quiz quiz0_
Hibernate: select answer0_.quizid as quizid3_0_0_, answer0_.id as id1_0_0_, answer0_.id as id1_0_1_, answer0_.option_number as option_n2_0_1_ from correct_option answer0_ where answer0_.quizid=?
?[1;31m
Start test 93?[0m
Hibernate: select quiz0_.id as id1_1_, quiz0_.question as question2_1_, quiz0_.title as title3_1_ from quiz quiz0_
Hibernate: select answer0_.quizid as quizid3_0_0_, answer0_.id as id1_0_0_, answer0_.id as id1_0_1_, answer0_.option_number as option_n2_0_1_ from correct_option answer0_ where answer0_.quizid=?
?[1;31m
Start test 94?[0m
Hibernate: select quiz0_.id as id1_1_, quiz0_.question as question2_1_, quiz0_.title as title3_1_ from quiz quiz0_
Hibernate: select answer0_.quizid as quizid3_0_0_, answer0_.id as id1_0_0_, answer0_.id as id1_0_1_, answer0_.option_number as option_n2_0_1_ from correct_option answer0_ where answer0_.quizid=?
?[1;31m
Start test 95?[0m
Hibernate: select quiz0_.id as id1_1_, quiz0_.question as question2_1_, quiz0_.title as title3_1_ from quiz quiz0_
Hibernate: select answer0_.quizid as quizid3_0_0_, answer0_.id as id1_0_0_, answer0_.id as id1_0_1_, answer0_.option_number as option_n2_0_1_ from correct_option answer0_ where answer0_.quizid=?
?[1;31m
Start test 96?[0m
Hibernate: select quiz0_.id as id1_1_, quiz0_.question as question2_1_, quiz0_.title as title3_1_ from quiz quiz0_
Hibernate: select answer0_.quizid as quizid3_0_0_, answer0_.id as id1_0_0_, answer0_.id as id1_0_1_, answer0_.option_number as option_n2_0_1_ from correct_option answer0_ where answer0_.quizid=?
?[1;31m
Start test 97?[0m
Hibernate: select quiz0_.id as id1_1_, quiz0_.question as question2_1_, quiz0_.title as title3_1_ from quiz quiz0_
Hibernate: select answer0_.quizid as quizid3_0_0_, answer0_.id as id1_0_0_, answer0_.id as id1_0_1_, answer0_.option_number as option_n2_0_1_ from correct_option answer0_ where answer0_.quizid=?
?[1;31m
Start test 98?[0m
Hibernate: select quiz0_.id as id1_1_, quiz0_.question as question2_1_, quiz0_.title as title3_1_ from quiz quiz0_
Hibernate: select answer0_.quizid as quizid3_0_0_, answer0_.id as id1_0_0_, answer0_.id as id1_0_1_, answer0_.option_number as option_n2_0_1_ from correct_option answer0_ where answer0_.quizid=?
?[1;31m
Start test 99?[0m
Hibernate: select quiz0_.id as id1_1_, quiz0_.question as question2_1_, quiz0_.title as title3_1_ from quiz quiz0_
Hibernate: select answer0_.quizid as quizid3_0_0_, answer0_.id as id1_0_0_, answer0_.id as id1_0_1_, answer0_.option_number as option_n2_0_1_ from correct_option answer0_ where answer0_.quizid=?
?[1;31m
Start test 100?[0m
Hibernate: select quiz0_.id as id1_1_, quiz0_.question as question2_1_, quiz0_.title as title3_1_ from quiz quiz0_
Hibernate: select answer0_.quizid as quizid3_0_0_, answer0_.id as id1_0_0_, answer0_.id as id1_0_1_, answer0_.option_number as option_n2_0_1_ from correct_option answer0_ where answer0_.quizid=?
?[1;31m
Start test 101?[0m
Hibernate: select quiz0_.id as id1_1_, quiz0_.question as question2_1_, quiz0_.title as title3_1_ from quiz quiz0_
Hibernate: select answer0_.quizid as quizid3_0_0_, answer0_.id as id1_0_0_, answer0_.id as id1_0_1_, answer0_.option_number as option_n2_0_1_ from correct_option answer0_ where answer0_.quizid=?
?[1;31m
Start test 102?[0m
Hibernate: select quiz0_.id as id1_1_, quiz0_.question as question2_1_, quiz0_.title as title3_1_ from quiz quiz0_
Hibernate: select answer0_.quizid as quizid3_0_0_, answer0_.id as id1_0_0_, answer0_.id as id1_0_1_, answer0_.option_number as option_n2_0_1_ from correct_option answer0_ where answer0_.quizid=?
?[1;31m
Start test 103?[0m
Hibernate: select quiz0_.id as id1_1_, quiz0_.question as question2_1_, quiz0_.title as title3_1_ from quiz quiz0_
Hibernate: select answer0_.quizid as quizid3_0_0_, answer0_.id as id1_0_0_, answer0_.id as id1_0_1_, answer0_.option_number as option_n2_0_1_ from correct_option answer0_ where answer0_.quizid=?
?[1;31m
Start test 104?[0m
Hibernate: call next value for hibernate_sequence
Hibernate: call next value for hibernate_sequence
Hibernate: call next value for hibernate_sequence
Hibernate: call next value for hibernate_sequence
Hibernate: call next value for hibernate_sequence
Hibernate: call next value for hibernate_sequence
Hibernate: call next value for hibernate_sequence
Hibernate: call next value for hibernate_sequence
Hibernate: insert into quiz (question, title, id) values (?, ?, ?)
Hibernate: insert into correct_option (option_number, quizid, id) values (?, ?, ?)
Hibernate: insert into correct_option (option_number, quizid, id) values (?, ?, ?)
Hibernate: insert into correct_option (option_number, quizid, id) values (?, ?, ?)
Hibernate: insert into quiz_options (option_text, quizid, id) values (?, ?, ?)
Hibernate: insert into quiz_options (option_text, quizid, id) values (?, ?, ?)
Hibernate: insert into quiz_options (option_text, quizid, id) values (?, ?, ?)
Hibernate: insert into quiz_options (option_text, quizid, id) values (?, ?, ?)
Hibernate: update correct_option set quizid=? where id=?
Hibernate: update correct_option set quizid=? where id=?
Hibernate: update correct_option set quizid=? where id=?
Hibernate: update quiz_options set quizid=? where id=?
Hibernate: update quiz_options set quizid=? where id=?
Hibernate: update quiz_options set quizid=? where id=?
Hibernate: update quiz_options set quizid=? where id=?
?[1;31m
Start test 105?[0m
Hibernate: select quiz0_.id as id1_1_, quiz0_.question as question2_1_, quiz0_.title as title3_1_ from quiz quiz0_
Hibernate: select options0_.quizid as quizid3_2_0_, options0_.id as id1_2_0_, options0_.id as id1_2_1_, options0_.option_text as option_t2_2_1_ from quiz_options options0_ where options0_.quizid=?
?[1;31m
Start test 106?[0m
Hibernate: select quiz0_.id as id1_1_, quiz0_.question as question2_1_, quiz0_.title as title3_1_ from quiz quiz0_
?[1;31m
Start test 107?[0m
Hibernate: select quiz0_.id as id1_1_, quiz0_.question as question2_1_, quiz0_.title as title3_1_ from quiz quiz0_
Hibernate: select answer0_.quizid as quizid3_0_0_, answer0_.id as id1_0_0_, answer0_.id as id1_0_1_, answer0_.option_number as option_n2_0_1_ from correct_option answer0_ where answer0_.quizid=?
?[1;31m
Start test 108?[0m
Hibernate: select quiz0_.id as id1_1_, quiz0_.question as question2_1_, quiz0_.title as title3_1_ from quiz quiz0_
Hibernate: select answer0_.quizid as quizid3_0_0_, answer0_.id as id1_0_0_, answer0_.id as id1_0_1_, answer0_.option_number as option_n2_0_1_ from correct_option answer0_ where answer0_.quizid=?
?[1;31m
Start test 109?[0m
Hibernate: select quiz0_.id as id1_1_, quiz0_.question as question2_1_, quiz0_.title as title3_1_ from quiz quiz0_
Hibernate: select answer0_.quizid as quizid3_0_0_, answer0_.id as id1_0_0_, answer0_.id as id1_0_1_, answer0_.option_number as option_n2_0_1_ from correct_option answer0_ where answer0_.quizid=?
?[1;31m
Start test 110?[0m
Hibernate: select quiz0_.id as id1_1_, quiz0_.question as question2_1_, quiz0_.title as title3_1_ from quiz quiz0_
Hibernate: select answer0_.quizid as quizid3_0_0_, answer0_.id as id1_0_0_, answer0_.id as id1_0_1_, answer0_.option_number as option_n2_0_1_ from correct_option answer0_ where answer0_.quizid=?
?[1;31m
Start test 111?[0m
Hibernate: select quiz0_.id as id1_1_, quiz0_.question as question2_1_, quiz0_.title as title3_1_ from quiz quiz0_
Hibernate: select answer0_.quizid as quizid3_0_0_, answer0_.id as id1_0_0_, answer0_.id as id1_0_1_, answer0_.option_number as option_n2_0_1_ from correct_option answer0_ where answer0_.quizid=?
?[1;31m
Start test 112?[0m
Hibernate: select quiz0_.id as id1_1_, quiz0_.question as question2_1_, quiz0_.title as title3_1_ from quiz quiz0_
Hibernate: select answer0_.quizid as quizid3_0_0_, answer0_.id as id1_0_0_, answer0_.id as id1_0_1_, answer0_.option_number as option_n2_0_1_ from correct_option answer0_ where answer0_.quizid=?
?[1;31m
Start test 113?[0m
Hibernate: select quiz0_.id as id1_1_, quiz0_.question as question2_1_, quiz0_.title as title3_1_ from quiz quiz0_
Hibernate: select answer0_.quizid as quizid3_0_0_, answer0_.id as id1_0_0_, answer0_.id as id1_0_1_, answer0_.option_number as option_n2_0_1_ from correct_option answer0_ where answer0_.quizid=?
?[1;31m
Start test 114?[0m
Hibernate: select quiz0_.id as id1_1_, quiz0_.question as question2_1_, quiz0_.title as title3_1_ from quiz quiz0_
Hibernate: select answer0_.quizid as quizid3_0_0_, answer0_.id as id1_0_0_, answer0_.id as id1_0_1_, answer0_.option_number as option_n2_0_1_ from correct_option answer0_ where answer0_.quizid=?
?[1;31m
Start test 115?[0m
Hibernate: select quiz0_.id as id1_1_, quiz0_.question as question2_1_, quiz0_.title as title3_1_ from quiz quiz0_
Hibernate: select answer0_.quizid as quizid3_0_0_, answer0_.id as id1_0_0_, answer0_.id as id1_0_1_, answer0_.option_number as option_n2_0_1_ from correct_option answer0_ where answer0_.quizid=?
?[1;31m
Start test 116?[0m
Hibernate: select quiz0_.id as id1_1_, quiz0_.question as question2_1_, quiz0_.title as title3_1_ from quiz quiz0_
Hibernate: select answer0_.quizid as quizid3_0_0_, answer0_.id as id1_0_0_, answer0_.id as id1_0_1_, answer0_.option_number as option_n2_0_1_ from correct_option answer0_ where answer0_.quizid=?
?[1;31m
Start test 117?[0m
Hibernate: select quiz0_.id as id1_1_, quiz0_.question as question2_1_, quiz0_.title as title3_1_ from quiz quiz0_
Hibernate: select answer0_.quizid as quizid3_0_0_, answer0_.id as id1_0_0_, answer0_.id as id1_0_1_, answer0_.option_number as option_n2_0_1_ from correct_option answer0_ where answer0_.quizid=?
?[1;31m
Start test 118?[0m
Hibernate: select quiz0_.id as id1_1_, quiz0_.question as question2_1_, quiz0_.title as title3_1_ from quiz quiz0_
Hibernate: select answer0_.quizid as quizid3_0_0_, answer0_.id as id1_0_0_, answer0_.id as id1_0_1_, answer0_.option_number as option_n2_0_1_ from correct_option answer0_ where answer0_.quizid=?
?[1;31m
Start test 119?[0m
Hibernate: select quiz0_.id as id1_1_, quiz0_.question as question2_1_, quiz0_.title as title3_1_ from quiz quiz0_
Hibernate: select answer0_.quizid as quizid3_0_0_, answer0_.id as id1_0_0_, answer0_.id as id1_0_1_, answer0_.option_number as option_n2_0_1_ from correct_option answer0_ where answer0_.quizid=?
?[1;31m
Start test 120?[0m
Hibernate: select quiz0_.id as id1_1_, quiz0_.question as question2_1_, quiz0_.title as title3_1_ from quiz quiz0_
Hibernate: select answer0_.quizid as quizid3_0_0_, answer0_.id as id1_0_0_, answer0_.id as id1_0_1_, answer0_.option_number as option_n2_0_1_ from correct_option answer0_ where answer0_.quizid=?
?[1;31m
Start test 121?[0m
Hibernate: select quiz0_.id as id1_1_, quiz0_.question as question2_1_, quiz0_.title as title3_1_ from quiz quiz0_
Hibernate: select answer0_.quizid as quizid3_0_0_, answer0_.id as id1_0_0_, answer0_.id as id1_0_1_, answer0_.option_number as option_n2_0_1_ from correct_option answer0_ where answer0_.quizid=?
?[1;31m
Start test 122?[0m
Hibernate: select quiz0_.id as id1_1_, quiz0_.question as question2_1_, quiz0_.title as title3_1_ from quiz quiz0_
Hibernate: select options0_.quizid as quizid3_2_0_, options0_.id as id1_2_0_, options0_.id as id1_2_1_, options0_.option_text as option_t2_2_1_ from quiz_options options0_ where options0_.quizid=?
Hibernate: select options0_.quizid as quizid3_2_0_, options0_.id as id1_2_0_, options0_.id as id1_2_1_, options0_.option_text as option_t2_2_1_ from quiz_options options0_ where options0_.quizid=?
Hibernate: select options0_.quizid as quizid3_2_0_, options0_.id as id1_2_0_, options0_.id as id1_2_1_, options0_.option_text as option_t2_2_1_ from quiz_options options0_ where options0_.quizid=?
Hibernate: select options0_.quizid as quizid3_2_0_, options0_.id as id1_2_0_, options0_.id as id1_2_1_, options0_.option_text as option_t2_2_1_ from quiz_options options0_ where options0_.quizid=?
Hibernate: select options0_.quizid as quizid3_2_0_, options0_.id as id1_2_0_, options0_.id as id1_2_1_, options0_.option_text as option_t2_2_1_ from quiz_options options0_ where options0_.quizid=?
Hibernate: select options0_.quizid as quizid3_2_0_, options0_.id as id1_2_0_, options0_.id as id1_2_1_, options0_.option_text as option_t2_2_1_ from quiz_options options0_ where options0_.quizid=?
Hibernate: select options0_.quizid as quizid3_2_0_, options0_.id as id1_2_0_, options0_.id as id1_2_1_, options0_.option_text as option_t2_2_1_ from quiz_options options0_ where options0_.quizid=?
?[1;31m
Start test 123?[0m
2020-07-21 14:43:32.344  INFO 11788 --- [       Thread-9] o.s.s.concurrent.ThreadPoolTaskExecutor  : Shutting down ExecutorService 'applicationTaskExecutor'
2020-07-21 14:43:32.344  INFO 11788 --- [       Thread-9] j.LocalContainerEntityManagerFactoryBean : Closing JPA EntityManagerFactory for persistence unit 'default'
2020-07-21 14:43:32.345  INFO 11788 --- [       Thread-9] com.zaxxer.hikari.HikariDataSource       : HikariPool-2 - Shutdown initiated...
2020-07-21 14:43:32.361  INFO 11788 --- [       Thread-9] com.zaxxer.hikari.HikariDataSource       : HikariPool-2 - Shutdown completed.

  .   ____          _            __ _ _
 /\\ / ___'_ __ _ _(_)_ __  __ _ \ \ \ \
( ( )\___ | '_ | '_| | '_ \/ _` | \ \ \ \
 \\/  ___)| |_)| | | | | || (_| |  ) ) ) )
  '  |____| .__|_| |_|_| |_\__, | / / / /
 =========|_|==============|___/=/_/_/_/
 :: Spring Boot ::        (v2.2.2.RELEASE)

2020-07-21 14:43:32.413  INFO 11788 --- [    Test worker] engine.WebQuizEngine                     : Starting WebQuizEngine on LAPTOP-JJMCNIVR with PID 11788 (started by VladimirLovisek in C:\Users\VladimirLovisek\Documents\Education\GitHub\LearningProjects\WebQuizEngine\Web Quiz Engine\task)
2020-07-21 14:43:32.414  INFO 11788 --- [    Test worker] engine.WebQuizEngine                     : No active profile set, falling back to default profiles: default
2020-07-21 14:43:32.550  INFO 11788 --- [       Thread-9] o.apache.catalina.core.StandardService   : Stopping service [Tomcat]
2020-07-21 14:43:32.554  INFO 11788 --- [       Thread-9] o.a.c.c.C.[Tomcat].[localhost].[/]       : Destroying Spring FrameworkServlet 'dispatcherServlet'
2020-07-21 14:43:32.667  INFO 11788 --- [    Test worker] .s.d.r.c.RepositoryConfigurationDelegate : Bootstrapping Spring Data JPA repositories in DEFAULT mode.
2020-07-21 14:43:32.674  INFO 11788 --- [    Test worker] .s.d.r.c.RepositoryConfigurationDelegate : Finished Spring Data repository scanning in 6ms. Found 1 JPA repository interfaces.
2020-07-21 14:43:32.710  INFO 11788 --- [    Test worker] trationDelegate$BeanPostProcessorChecker : Bean 'org.springframework.transaction.annotation.ProxyTransactionManagementConfiguration' of type [org.springframework.transaction.annotation.ProxyTransactionManagementConfiguration] is not eligible for getting processed by all BeanPostProcessors (for example: not eligible for auto-proxying)
2020-07-21 14:43:32.731  WARN 11788 --- [    Test worker] org.apache.tomcat.util.modeler.Registry  : The MBean registry cannot be disabled because it has already been initialised
2020-07-21 14:43:32.736  INFO 11788 --- [    Test worker] o.s.b.w.embedded.tomcat.TomcatWebServer  : Tomcat initialized with port(s): 8889 (http)
2020-07-21 14:43:32.737  INFO 11788 --- [    Test worker] o.apache.catalina.core.StandardService   : Starting service [Tomcat]
2020-07-21 14:43:32.737  INFO 11788 --- [    Test worker] org.apache.catalina.core.StandardEngine  : Starting Servlet engine: [Apache Tomcat/9.0.29]
2020-07-21 14:43:32.777  INFO 11788 --- [    Test worker] o.a.c.c.C.[Tomcat].[localhost].[/]       : Initializing Spring embedded WebApplicationContext
2020-07-21 14:43:32.777  INFO 11788 --- [    Test worker] o.s.web.context.ContextLoader            : Root WebApplicationContext: initialization completed in 360 ms
2020-07-21 14:43:32.803  INFO 11788 --- [    Test worker] com.zaxxer.hikari.HikariDataSource       : HikariPool-3 - Starting...
2020-07-21 14:43:32.811  INFO 11788 --- [    Test worker] com.zaxxer.hikari.HikariDataSource       : HikariPool-3 - Start completed.
2020-07-21 14:43:32.812  INFO 11788 --- [    Test worker] o.s.b.a.h2.H2ConsoleAutoConfiguration    : H2 console available at '/h2-console'. Database available at 'jdbc:h2:file:../quizdb'
2020-07-21 14:43:32.861  INFO 11788 --- [    Test worker] o.hibernate.jpa.internal.util.LogHelper  : HHH000204: Processing PersistenceUnitInfo [name: default]
2020-07-21 14:43:32.867  INFO 11788 --- [    Test worker] org.hibernate.dialect.Dialect            : HHH000400: Using dialect: org.hibernate.dialect.H2Dialect
2020-07-21 14:43:32.924  INFO 11788 --- [    Test worker] o.h.e.t.j.p.i.JtaPlatformInitiator       : HHH000490: Using JtaPlatform implementation: [org.hibernate.engine.transaction.jta.platform.internal.NoJtaPlatform]
2020-07-21 14:43:32.924  INFO 11788 --- [    Test worker] j.LocalContainerEntityManagerFactoryBean : Initialized JPA EntityManagerFactory for persistence unit 'default'
2020-07-21 14:43:32.973  WARN 11788 --- [    Test worker] JpaBaseConfiguration$JpaWebConfiguration : spring.jpa.open-in-view is enabled by default. Therefore, database queries may be performed during view rendering. Explicitly configure spring.jpa.open-in-view to disable this warning
2020-07-21 14:43:33.001  INFO 11788 --- [    Test worker] o.s.s.concurrent.ThreadPoolTaskExecutor  : Initializing ExecutorService 'applicationTaskExecutor'
2020-07-21 14:43:33.069  INFO 11788 --- [    Test worker] o.s.b.a.e.web.EndpointLinksResolver      : Exposing 14 endpoint(s) beneath base path '/actuator'
2020-07-21 14:43:33.086  INFO 11788 --- [    Test worker] o.s.b.w.embedded.tomcat.TomcatWebServer  : Tomcat started on port(s): 8889 (http) with context path ''
2020-07-21 14:43:33.087  INFO 11788 --- [    Test worker] engine.WebQuizEngine                     : Started WebQuizEngine in 0.695 seconds (JVM running for 9.499)
?[1;31m
Start test 124?[0m
2020-07-21 14:43:33.092  INFO 11788 --- [nio-8889-exec-1] o.a.c.c.C.[Tomcat].[localhost].[/]       : Initializing Spring DispatcherServlet 'dispatcherServlet'
2020-07-21 14:43:33.092  INFO 11788 --- [nio-8889-exec-1] o.s.web.servlet.DispatcherServlet        : Initializing Servlet 'dispatcherServlet'
2020-07-21 14:43:33.095  INFO 11788 --- [nio-8889-exec-1] o.s.web.servlet.DispatcherServlet        : Completed initialization in 3 ms
Hibernate: select quiz0_.id as id1_1_, quiz0_.question as question2_1_, quiz0_.title as title3_1_ from quiz quiz0_
Hibernate: select options0_.quizid as quizid3_2_0_, options0_.id as id1_2_0_, options0_.id as id1_2_1_, options0_.option_text as option_t2_2_1_ from quiz_options options0_ where options0_.quizid=?
Hibernate: select options0_.quizid as quizid3_2_0_, options0_.id as id1_2_0_, options0_.id as id1_2_1_, options0_.option_text as option_t2_2_1_ from quiz_options options0_ where options0_.quizid=?
Hibernate: select options0_.quizid as quizid3_2_0_, options0_.id as id1_2_0_, options0_.id as id1_2_1_, options0_.option_text as option_t2_2_1_ from quiz_options options0_ where options0_.quizid=?
Hibernate: select options0_.quizid as quizid3_2_0_, options0_.id as id1_2_0_, options0_.id as id1_2_1_, options0_.option_text as option_t2_2_1_ from quiz_options options0_ where options0_.quizid=?
Hibernate: select options0_.quizid as quizid3_2_0_, options0_.id as id1_2_0_, options0_.id as id1_2_1_, options0_.option_text as option_t2_2_1_ from quiz_options options0_ where options0_.quizid=?
Hibernate: select options0_.quizid as quizid3_2_0_, options0_.id as id1_2_0_, options0_.id as id1_2_1_, options0_.option_text as option_t2_2_1_ from quiz_options options0_ where options0_.quizid=?
Hibernate: select options0_.quizid as quizid3_2_0_, options0_.id as id1_2_0_, options0_.id as id1_2_1_, options0_.option_text as option_t2_2_1_ from quiz_options options0_ where options0_.quizid=?
?[1;31m
Start test 125?[0m
Hibernate: select quiz0_.id as id1_1_, quiz0_.question as question2_1_, quiz0_.title as title3_1_ from quiz quiz0_
Hibernate: select answer0_.quizid as quizid3_0_0_, answer0_.id as id1_0_0_, answer0_.id as id1_0_1_, answer0_.option_number as option_n2_0_1_ from correct_option answer0_ where answer0_.quizid=?
?[1;31m
Start test 126?[0m
Hibernate: select quiz0_.id as id1_1_, quiz0_.question as question2_1_, quiz0_.title as title3_1_ from quiz quiz0_
Hibernate: select answer0_.quizid as quizid3_0_0_, answer0_.id as id1_0_0_, answer0_.id as id1_0_1_, answer0_.option_number as option_n2_0_1_ from correct_option answer0_ where answer0_.quizid=?
?[1;31m
Start test 127?[0m
Hibernate: select quiz0_.id as id1_1_, quiz0_.question as question2_1_, quiz0_.title as title3_1_ from quiz quiz0_
Hibernate: select answer0_.quizid as quizid3_0_0_, answer0_.id as id1_0_0_, answer0_.id as id1_0_1_, answer0_.option_number as option_n2_0_1_ from correct_option answer0_ where answer0_.quizid=?
?[1;31m
Start test 128?[0m
Hibernate: select quiz0_.id as id1_1_, quiz0_.question as question2_1_, quiz0_.title as title3_1_ from quiz quiz0_
Hibernate: select answer0_.quizid as quizid3_0_0_, answer0_.id as id1_0_0_, answer0_.id as id1_0_1_, answer0_.option_number as option_n2_0_1_ from correct_option answer0_ where answer0_.quizid=?
]]></system-out>
  <system-err><![CDATA[]]></system-err>
</testsuite>
